<?xml version="1.0" encoding="UTF-8"?>
<!-- Generated by org.testng.reporters.JUnitXMLReporter -->
<testsuite ignored="2" hostname="EMB-BAN-743" failures="0" tests="2" name="grouping test" time="0.044" errors="0" timestamp="2021-06-29T18:17:25 IST">
  <testcase classname="TestNgconcepts.GroupingExample" name="test2" time="0.007"/>
  <testcase classname="TestNgconcepts.GroupingExample" name="test4" time="0.001"/>
  <testcase classname="TestNgconcepts.GroupingExample" name="test1" time="0.0">
    <ignored/>
  </testcase> <!-- test1 -->
  <testcase classname="TestNgconcepts.GroupingExample" name="test3" time="0.0">
    <ignored/>
  </testcase> <!-- test3 -->
</testsuite> <!-- grouping test -->
