<?xml version="1.0" encoding="UTF-8"?>
<!-- Generated by org.testng.reporters.JUnitXMLReporter -->
<testsuite ignored="0" hostname="EMB-BAN-743" failures="1" tests="2" name="TestSuite" time="0.054" errors="0" timestamp="2021-06-30T15:48:20 IST">
  <testcase classname="TestNgListenersPackage.SuiteLevelListeners" name="method1" time="0.008"/>
  <testcase classname="TestNgListenersPackage.SuiteLevelListeners" name="method2" time="0.002">
    <failure type="java.lang.AssertionError" message="expected [true] but found [false]">
      <![CDATA[java.lang.AssertionError: expected [true] but found [false]
at TestNgListenersPackage.SuiteLevelListeners.method2(SuiteLevelListeners.java:18)
at java.base/java.util.ArrayList.forEach(ArrayList.java:1511)
... Removed 31 stack frames]]>
    </failure>
  </testcase> <!-- method2 -->
</testsuite> <!-- TestSuite -->
